0 info it worked if it ends with ok
1 verbose cli [ 'C:\\Program Files\\nodejs\\node.exe',
1 verbose cli   'C:\\Program Files\\nodejs\\node_modules\\npm\\bin\\npm-cli.js',
1 verbose cli   'install',
1 verbose cli   '-g',
1 verbose cli   'express@3.5.0' ]
2 info using npm@3.10.10
3 info using node@v6.10.0
4 silly loadCurrentTree Starting
5 silly install loadCurrentTree
6 silly install readGlobalPackageData
7 silly fetchPackageMetaData express@3.5.0
8 silly fetchNamedPackageData express
9 silly mapToRegistry name express
10 silly mapToRegistry using default registry
11 silly mapToRegistry registry https://registry.npmjs.org/
12 silly mapToRegistry data Result {
12 silly mapToRegistry   raw: 'express',
12 silly mapToRegistry   scope: null,
12 silly mapToRegistry   escapedName: 'express',
12 silly mapToRegistry   name: 'express',
12 silly mapToRegistry   rawSpec: '',
12 silly mapToRegistry   spec: 'latest',
12 silly mapToRegistry   type: 'tag' }
13 silly mapToRegistry uri https://registry.npmjs.org/express
14 verbose request uri https://registry.npmjs.org/express
15 verbose request no auth needed
16 info attempt registry request try #1 at 2:14:54 PM
17 verbose request id 4f6fc3942122237c
18 http request GET https://registry.npmjs.org/express
19 http 200 https://registry.npmjs.org/express
20 verbose headers { server: 'nginx/1.10.3',
20 verbose headers   'content-type': 'application/json',
20 verbose headers   'last-modified': 'Tue, 18 Apr 2017 09:48:30 GMT',
20 verbose headers   etag: 'W/"58f5e0ee-8bc86"',
20 verbose headers   'content-encoding': 'gzip',
20 verbose headers   'cache-control': 'max-age=300',
20 verbose headers   'content-length': '43488',
20 verbose headers   'accept-ranges': 'bytes',
20 verbose headers   date: 'Wed, 19 Apr 2017 06:15:00 GMT',
20 verbose headers   via: '1.1 varnish',
20 verbose headers   age: '247',
20 verbose headers   connection: 'keep-alive',
20 verbose headers   'x-served-by': 'cache-nrt6130-NRT',
20 verbose headers   'x-cache': 'HIT',
20 verbose headers   'x-cache-hits': '7',
20 verbose headers   'x-timer': 'S1492582501.678845,VS0,VE0',
20 verbose headers   vary: 'Accept-Encoding' }
21 silly get cb [ 200,
21 silly get   { server: 'nginx/1.10.3',
21 silly get     'content-type': 'application/json',
21 silly get     'last-modified': 'Tue, 18 Apr 2017 09:48:30 GMT',
21 silly get     etag: 'W/"58f5e0ee-8bc86"',
21 silly get     'content-encoding': 'gzip',
21 silly get     'cache-control': 'max-age=300',
21 silly get     'content-length': '43488',
21 silly get     'accept-ranges': 'bytes',
21 silly get     date: 'Wed, 19 Apr 2017 06:15:00 GMT',
21 silly get     via: '1.1 varnish',
21 silly get     age: '247',
21 silly get     connection: 'keep-alive',
21 silly get     'x-served-by': 'cache-nrt6130-NRT',
21 silly get     'x-cache': 'HIT',
21 silly get     'x-cache-hits': '7',
21 silly get     'x-timer': 'S1492582501.678845,VS0,VE0',
21 silly get     vary: 'Accept-Encoding' } ]
22 verbose get saving express to C:\ProgramData\Microsoft\Windows\Start Menu\Programs\Node.js\node_cache\registry.npmjs.org\express\.cache.json
23 verbose correctMkdir C:\ProgramData\Microsoft\Windows\Start Menu\Programs\Node.js\node_cache correctMkdir not in flight; initializing
24 verbose makeDirectory C:\ProgramData\Microsoft\Windows\Start Menu\Programs\Node.js\node_cache creation not in flight; initializing
25 verbose makeCacheDir UID & GID are irrelevant on win32
26 silly install normalizeTree
27 silly loadCurrentTree Finishing
28 silly loadIdealTree Starting
29 silly install loadIdealTree
30 silly cloneCurrentTree Starting
31 silly install cloneCurrentTreeToIdealTree
32 silly cloneCurrentTree Finishing
33 silly loadShrinkwrap Starting
34 silly install loadShrinkwrap
35 silly loadShrinkwrap Finishing
36 silly loadAllDepsIntoIdealTree Starting
37 silly install loadAllDepsIntoIdealTree
38 silly resolveWithNewModule express@3.5.0 checking installable status
39 silly cache add args [ 'express@3.5.0', null ]
40 verbose cache add spec express@3.5.0
41 silly cache add parsed spec Result {
41 silly cache add   raw: 'express@3.5.0',
41 silly cache add   scope: null,
41 silly cache add   escapedName: 'express',
41 silly cache add   name: 'express',
41 silly cache add   rawSpec: '3.5.0',
41 silly cache add   spec: '3.5.0',
41 silly cache add   type: 'version' }
42 silly addNamed express@3.5.0
43 verbose addNamed "3.5.0" is a plain semver version for express
44 silly mapToRegistry name express
45 silly mapToRegistry using default registry
46 silly mapToRegistry registry https://registry.npmjs.org/
47 silly mapToRegistry data Result {
47 silly mapToRegistry   raw: 'express',
47 silly mapToRegistry   scope: null,
47 silly mapToRegistry   escapedName: 'express',
47 silly mapToRegistry   name: 'express',
47 silly mapToRegistry   rawSpec: '',
47 silly mapToRegistry   spec: 'latest',
47 silly mapToRegistry   type: 'tag' }
48 silly mapToRegistry uri https://registry.npmjs.org/express
49 verbose addNameVersion registry:https://registry.npmjs.org/express not in flight; fetching
50 verbose request uri https://registry.npmjs.org/express
51 verbose request no auth needed
52 info attempt registry request try #1 at 2:14:55 PM
53 http request GET https://registry.npmjs.org/express
54 http 200 https://registry.npmjs.org/express
55 verbose headers { server: 'nginx/1.10.3',
55 verbose headers   'content-type': 'application/json',
55 verbose headers   'last-modified': 'Tue, 18 Apr 2017 09:48:30 GMT',
55 verbose headers   etag: 'W/"58f5e0ee-8bc86"',
55 verbose headers   'content-encoding': 'gzip',
55 verbose headers   'cache-control': 'max-age=300',
55 verbose headers   'content-length': '43488',
55 verbose headers   'accept-ranges': 'bytes',
55 verbose headers   date: 'Wed, 19 Apr 2017 06:15:01 GMT',
55 verbose headers   via: '1.1 varnish',
55 verbose headers   age: '247',
55 verbose headers   connection: 'keep-alive',
55 verbose headers   'x-served-by': 'cache-nrt6130-NRT',
55 verbose headers   'x-cache': 'HIT',
55 verbose headers   'x-cache-hits': '8',
55 verbose headers   'x-timer': 'S1492582501.200994,VS0,VE0',
55 verbose headers   vary: 'Accept-Encoding' }
56 silly get cb [ 200,
56 silly get   { server: 'nginx/1.10.3',
56 silly get     'content-type': 'application/json',
56 silly get     'last-modified': 'Tue, 18 Apr 2017 09:48:30 GMT',
56 silly get     etag: 'W/"58f5e0ee-8bc86"',
56 silly get     'content-encoding': 'gzip',
56 silly get     'cache-control': 'max-age=300',
56 silly get     'content-length': '43488',
56 silly get     'accept-ranges': 'bytes',
56 silly get     date: 'Wed, 19 Apr 2017 06:15:01 GMT',
56 silly get     via: '1.1 varnish',
56 silly get     age: '247',
56 silly get     connection: 'keep-alive',
56 silly get     'x-served-by': 'cache-nrt6130-NRT',
56 silly get     'x-cache': 'HIT',
56 silly get     'x-cache-hits': '8',
56 silly get     'x-timer': 'S1492582501.200994,VS0,VE0',
56 silly get     vary: 'Accept-Encoding' } ]
57 verbose get saving express to C:\ProgramData\Microsoft\Windows\Start Menu\Programs\Node.js\node_cache\registry.npmjs.org\express\.cache.json
58 verbose correctMkdir C:\ProgramData\Microsoft\Windows\Start Menu\Programs\Node.js\node_cache correctMkdir not in flight; initializing
59 silly mapToRegistry name express
60 silly mapToRegistry using default registry
61 silly mapToRegistry registry https://registry.npmjs.org/
62 silly mapToRegistry data Result {
62 silly mapToRegistry   raw: 'express',
62 silly mapToRegistry   scope: null,
62 silly mapToRegistry   escapedName: 'express',
62 silly mapToRegistry   name: 'express',
62 silly mapToRegistry   rawSpec: '',
62 silly mapToRegistry   spec: 'latest',
62 silly mapToRegistry   type: 'tag' }
63 silly mapToRegistry uri https://registry.npmjs.org/express
64 verbose addRemoteTarball https://registry.npmjs.org/express/-/express-3.5.0.tgz not in flight; adding
65 verbose addRemoteTarball [ 'https://registry.npmjs.org/express/-/express-3.5.0.tgz',
65 verbose addRemoteTarball   '703f299aa2a7fce122025b61a2e170d536b35019' ]
66 info retry fetch attempt 1 at 2:14:56 PM
67 info attempt registry request try #1 at 2:14:56 PM
68 http fetch GET https://registry.npmjs.org/express/-/express-3.5.0.tgz
69 http fetch 200 https://registry.npmjs.org/express/-/express-3.5.0.tgz
70 silly fetchAndShaCheck shasum 703f299aa2a7fce122025b61a2e170d536b35019
71 verbose addTmpTarball C:\Users\yqadmin\AppData\Local\Temp\npm-7960-f2fbf96d\registry.npmjs.org\express\-\express-3.5.0.tgz not in flight; adding
72 verbose addTmpTarball already have metadata; skipping unpack for express@3.5.0
73 verbose correctMkdir C:\ProgramData\Microsoft\Windows\Start Menu\Programs\Node.js\node_cache correctMkdir not in flight; initializing
74 silly rollbackFailedOptional Starting
75 silly rollbackFailedOptional Finishing
76 silly runTopLevelLifecycles Finishing
77 silly install printInstalled
78 verbose stack Error: EPERM: operation not permitted, mkdir 'C:\ProgramData\Microsoft\Windows\Start Menu\Programs\Node.js\node_cache'
78 verbose stack     at Error (native)
79 verbose cwd C:\Users\yqadmin\bookapp
80 error Windows_NT 10.0.14393
81 error argv "C:\\Program Files\\nodejs\\node.exe" "C:\\Program Files\\nodejs\\node_modules\\npm\\bin\\npm-cli.js" "install" "-g" "express@3.5.0"
82 error node v6.10.0
83 error npm  v3.10.10
84 error path C:\ProgramData\Microsoft\Windows\Start Menu\Programs\Node.js\node_cache
85 error code EPERM
86 error errno -4048
87 error syscall mkdir
88 error Error: EPERM: operation not permitted, mkdir 'C:\ProgramData\Microsoft\Windows\Start Menu\Programs\Node.js\node_cache'
88 error     at Error (native)
88 error  { Error: EPERM: operation not permitted, mkdir 'C:\ProgramData\Microsoft\Windows\Start Menu\Programs\Node.js\node_cache'
88 error     at Error (native)
88 error   errno: -4048,
88 error   code: 'EPERM',
88 error   syscall: 'mkdir',
88 error   path: 'C:\\ProgramData\\Microsoft\\Windows\\Start Menu\\Programs\\Node.js\\node_cache' }
89 error Please try running this command again as root/Administrator.
90 verbose exit [ -4048, true ]
